◇ injected env (6) from .env // tip: ⌘ override existing { override: true }
✓ Server running on http://0.0.0.0:3000
  Local:   http://localhost:3000/api/health
  Network: http://0.0.0.0:3000/api/health
  LAN:     http://192.168.1.29:3000, http://192.168.198.1:3000, http://192.168.200.1:3000, http://172.24.144.1:3000
[2026-07-11T14:03:40.387Z] POST /api/sessions
[2026-07-11T14:03:40.396Z] POST /api/sessions
[2026-07-11T14:03:40.399Z] GET /api/products
[2026-07-11T14:03:40.402Z] POST /api/orders
[2026-07-11T14:03:40.407Z] POST /api/orders
[2026-07-11T14:03:40.410Z] POST /api/orders
[2026-07-11T14:03:40.413Z] POST /api/orders
[2026-07-11T14:03:40.416Z] POST /api/orders
[2026-07-11T14:03:40.419Z] POST /api/orders
[2026-07-11T14:03:40.424Z] POST /api/orders
[2026-07-11T14:03:40.427Z] POST /api/orders
[2026-07-11T14:03:40.430Z] POST /api/orders
[2026-07-11T14:03:40.433Z] POST /api/orders
[2026-07-11T14:03:40.436Z] POST /api/orders
[2026-07-11T14:03:40.438Z] POST /api/orders
[2026-07-11T14:03:40.441Z] POST /api/orders
[2026-07-11T14:03:40.444Z] POST /api/orders
[2026-07-11T14:03:40.447Z] POST /api/orders
[2026-07-11T14:03:40.449Z] POST /api/orders
[2026-07-11T14:03:40.453Z] POST /api/orders
[2026-07-11T14:03:40.456Z] POST /api/orders
[2026-07-11T14:03:40.459Z] POST /api/orders
[2026-07-11T14:03:40.462Z] POST /api/orders
[2026-07-11T14:03:40.464Z] POST /api/orders
[2026-07-11T14:03:40.467Z] POST /api/orders
[2026-07-11T14:03:40.470Z] POST /api/orders
[2026-07-11T14:03:40.473Z] POST /api/orders
[2026-07-11T14:03:40.476Z] POST /api/orders
[2026-07-11T14:03:40.479Z] POST /api/orders
[2026-07-11T14:03:40.482Z] POST /api/orders
[2026-07-11T14:03:40.484Z] POST /api/orders
[2026-07-11T14:03:40.487Z] GET /api/orders
[2026-07-11T14:03:40.489Z] GET /api/orders?limit=10&offset=0
[2026-07-11T14:03:40.491Z] GET /api/orders?limit=10&offset=0
[2026-07-11T14:03:40.492Z] GET /api/orders?limit=10&offset=10
[2026-07-11T14:03:40.493Z] GET /api/orders?limit=10&offset=20
[2026-07-11T14:03:40.494Z] PATCH /api/merchant/orders/112/status
[2026-07-11T14:03:40.496Z] PATCH /api/merchant/orders/112/status
[2026-07-11T14:03:40.498Z] PATCH /api/merchant/orders/112/status
[2026-07-11T14:03:40.500Z] PATCH /api/merchant/orders/112/status
[LEVEL] openid=mock_openid_464d... → level 1 (1 orders)
[2026-07-11T14:03:40.504Z] PATCH /api/merchant/orders/113/status
[2026-07-11T14:03:40.506Z] PATCH /api/merchant/orders/113/status
[2026-07-11T14:03:40.507Z] PATCH /api/merchant/orders/113/status
[2026-07-11T14:03:40.509Z] PATCH /api/merchant/orders/113/status
[LEVEL] openid=mock_openid_464d... → level 1 (2 orders)
[2026-07-11T14:03:40.513Z] PATCH /api/merchant/orders/114/status
[2026-07-11T14:03:40.515Z] PATCH /api/merchant/orders/114/status
[2026-07-11T14:03:40.516Z] PATCH /api/merchant/orders/114/status
[2026-07-11T14:03:40.518Z] PATCH /api/merchant/orders/114/status
[LEVEL] openid=mock_openid_464d... → level 1 (3 orders)
[2026-07-11T14:03:40.522Z] PATCH /api/merchant/orders/115/status
[2026-07-11T14:03:40.524Z] PATCH /api/merchant/orders/115/status
[2026-07-11T14:03:40.526Z] PATCH /api/merchant/orders/115/status
[2026-07-11T14:03:40.527Z] PATCH /api/merchant/orders/115/status
[LEVEL] openid=mock_openid_464d... → level 1 (4 orders)
[2026-07-11T14:03:40.531Z] PATCH /api/merchant/orders/116/status
[2026-07-11T14:03:40.532Z] PATCH /api/merchant/orders/116/status
[2026-07-11T14:03:40.534Z] PATCH /api/merchant/orders/116/status
[2026-07-11T14:03:40.536Z] PATCH /api/merchant/orders/116/status
[LEVEL] openid=mock_openid_464d... → level 1 (5 orders)
[2026-07-11T14:03:40.540Z] GET /api/orders?limit=10&offset=0&status=completed
[2026-07-11T14:03:40.541Z] GET /api/orders?limit=50
[2026-07-11T14:03:40.542Z] GET /api/orders?limit=50
[2026-07-11T14:03:40.543Z] GET /api/orders?limit=999
[2026-07-11T14:03:40.544Z] GET /api/orders?limit=10&offset=1000
[2026-07-11T14:03:40.545Z] POST /api/sessions
[2026-07-11T14:03:40.547Z] GET /api/orders?limit=10
[2026-07-11T14:03:48.249Z] POST /api/sessions
[2026-07-11T14:03:48.254Z] GET /api/health
[2026-07-11T14:03:48.256Z] GET /api/products
[2026-07-11T14:03:48.258Z] GET /api/products?category=%E6%84%8F%E5%BC%8F%E5%92%96%E5%95%A1
[2026-07-11T14:03:48.259Z] GET /api/products/1
[2026-07-11T14:03:48.261Z] GET /api/products/9999
[2026-07-11T14:03:48.262Z] POST /api/products
[2026-07-11T14:03:48.264Z] PATCH /api/products/31
[2026-07-11T14:03:48.266Z] PATCH /api/products/31
[2026-07-11T14:03:48.268Z] GET /api/products?availableOnly=true
[2026-07-11T14:03:48.269Z] DELETE /api/products/31
[2026-07-11T14:03:48.271Z] POST /api/orders
[2026-07-11T14:03:48.274Z] GET /api/orders/140
[2026-07-11T14:03:48.275Z] GET /api/orders
[2026-07-11T14:03:48.276Z] PATCH /api/orders/140/status
[2026-07-11T14:03:48.278Z] PATCH /api/orders/140/status
[2026-07-11T14:03:48.279Z] PATCH /api/merchant/orders/140/status
[2026-07-11T14:03:48.280Z] PATCH /api/merchant/orders/140/status
[2026-07-11T14:03:48.282Z] PATCH /api/merchant/orders/140/status
[LEVEL] openid=mock_openid_3840... → level 1 (3 orders)
[2026-07-11T14:03:48.284Z] POST /api/orders
[2026-07-11T14:03:48.357Z] POST /api/sessions
[2026-07-11T14:03:48.362Z] GET /api/products?category=%E6%84%8F%E5%BC%8F%E5%92%96%E5%95%A1
[2026-07-11T14:03:48.363Z] POST /api/orders
[2026-07-11T14:03:48.367Z] GET /api/merchant/orders?status=pending
[2026-07-11T14:03:48.369Z] PATCH /api/orders/142/status
[2026-07-11T14:03:48.372Z] PATCH /api/merchant/orders/142/status
[2026-07-11T14:03:48.374Z] PATCH /api/merchant/orders/142/status
[2026-07-11T14:03:48.376Z] PATCH /api/merchant/orders/142/status
[LEVEL] openid=mock_openid_9602... → level 1 (3 orders)
[2026-07-11T14:03:48.379Z] POST /api/orders
[2026-07-11T14:03:48.380Z] POST /api/orders
[2026-07-11T14:03:48.381Z] POST /api/orders
[2026-07-11T14:03:48.384Z] POST /api/orders
[2026-07-11T14:03:48.386Z] POST /api/orders
[2026-07-11T14:03:48.389Z] PATCH /api/orders/145/status
[2026-07-11T14:03:48.391Z] PATCH /api/orders/145/status
[2026-07-11T14:03:48.392Z] GET /api/orders/142
[2026-07-11T14:03:48.456Z] GET /api/merchant/users
[2026-07-11T14:03:48.459Z] GET /api/merchant/users
[2026-07-11T14:03:48.463Z] POST /api/sessions
[2026-07-11T14:03:48.465Z] POST /api/sessions
[2026-07-11T14:03:48.466Z] POST /api/sessions
[2026-07-11T14:03:48.468Z] PATCH /api/users/me
[2026-07-11T14:03:48.471Z] POST /api/users/phone-plain
[users] plain phone set for openid=mock_openid_b2f3... (unverified)
[2026-07-11T14:03:48.474Z] PATCH /api/users/me
[2026-07-11T14:03:48.476Z] POST /api/users/phone-plain
[users] plain phone set for openid=mock_openid_0348... (unverified)
[2026-07-11T14:03:48.478Z] PATCH /api/users/me
[2026-07-11T14:03:48.480Z] GET /api/merchant/users
[2026-07-11T14:03:48.483Z] GET /api/merchant/users?search=%E5%BC%A0%E4%B8%89
[2026-07-11T14:03:48.484Z] GET /api/merchant/users?search=13800138001
[2026-07-11T14:03:48.485Z] GET /api/merchant/users?has_phone=true
[2026-07-11T14:03:48.486Z] GET /api/merchant/users?has_phone=false
[2026-07-11T14:03:48.489Z] GET /api/merchant/users?search=13800138001
[2026-07-11T14:03:48.491Z] GET /api/merchant/users/mock_openid_b2f3ed1e7b3d11bc
[2026-07-11T14:03:48.492Z] GET /api/merchant/users/no-such-openid
[2026-07-11T14:03:48.492Z] GET /api/products
[2026-07-11T14:03:48.493Z] POST /api/orders
[2026-07-11T14:03:48.495Z] GET /api/merchant/orders/146
[2026-07-11T14:03:48.496Z] DELETE /api/merchant/users/mock_openid_b2f3ed1e7b3d11bc
[AUDIT] Merchant unknown deleted user mock_openid_b2f3ed1e7b3d11bc (orders anonymized: 1, sessions: 1) at 2026-07-11T14:03:48.497Z
[2026-07-11T14:03:48.498Z] GET /api/merchant/users/mock_openid_b2f3ed1e7b3d11bc
[2026-07-11T14:03:48.499Z] GET /api/users/me
[2026-07-11T14:03:48.499Z] GET /api/merchant/orders/146
[2026-07-11T14:03:48.500Z] DELETE /api/merchant/users/mock_openid_b2f3ed1e7b3d11bc
[2026-07-11T14:03:48.501Z] DELETE /api/merchant/users/mock_openid_0348ba9776c5dc09
[2026-07-11T14:03:48.501Z] GET /api/merchant/users/mock_openid_0348ba9776c5dc09
[2026-07-11T14:03:48.502Z] DELETE /api/merchant/users/mock_openid_0348ba9776c5dc09
[AUDIT] Merchant unknown deleted user mock_openid_0348ba9776c5dc09 (orders anonymized: 0, sessions: 1) at 2026-07-11T14:03:48.503Z
[2026-07-11T14:03:48.504Z] DELETE /api/merchant/users/mock_openid_042123d661f1db73
[AUDIT] Merchant unknown deleted user mock_openid_042123d661f1db73 (orders anonymized: 0, sessions: 1) at 2026-07-11T14:03:48.505Z
[2026-07-11T14:03:48.589Z] GET /api/settings
[2026-07-11T14:03:48.593Z] PATCH /api/merchant/settings
[2026-07-11T14:03:48.595Z] PATCH /api/merchant/settings
[2026-07-11T14:03:48.596Z] PATCH /api/merchant/settings
[2026-07-11T14:03:48.597Z] PATCH /api/merchant/settings
[2026-07-11T14:03:48.598Z] PATCH /api/merchant/settings
[2026-07-11T14:03:48.599Z] PATCH /api/merchant/settings
[2026-07-11T14:03:48.601Z] POST /api/sessions
[2026-07-11T14:03:48.603Z] GET /api/users/me?include=level
[2026-07-11T14:03:48.606Z] GET /api/products
[2026-07-11T14:03:48.607Z] POST /api/orders
[2026-07-11T14:03:48.610Z] POST /api/orders
[2026-07-11T14:03:48.612Z] POST /api/orders
[2026-07-11T14:03:48.614Z] POST /api/orders
[2026-07-11T14:03:48.619Z] POST /api/orders
[2026-07-11T14:03:48.622Z] POST /api/orders
[2026-07-11T14:03:48.625Z] POST /api/orders
[2026-07-11T14:03:48.627Z] POST /api/orders
[2026-07-11T14:03:48.629Z] POST /api/orders
[2026-07-11T14:03:48.632Z] POST /api/orders
[2026-07-11T14:03:48.634Z] PATCH /api/merchant/orders/147/status
[2026-07-11T14:03:48.636Z] PATCH /api/merchant/orders/147/status
[2026-07-11T14:03:48.638Z] PATCH /api/merchant/orders/147/status
[2026-07-11T14:03:48.639Z] PATCH /api/merchant/orders/147/status
[LEVEL] openid=mock_openid_e9ce... → level 1 (1 orders)
[2026-07-11T14:03:48.642Z] PATCH /api/merchant/orders/148/status
[2026-07-11T14:03:48.643Z] PATCH /api/merchant/orders/148/status
[2026-07-11T14:03:48.644Z] PATCH /api/merchant/orders/148/status
[2026-07-11T14:03:48.646Z] PATCH /api/merchant/orders/148/status
[LEVEL] openid=mock_openid_e9ce... → level 1 (2 orders)
[2026-07-11T14:03:48.648Z] PATCH /api/merchant/orders/149/status
[2026-07-11T14:03:48.650Z] PATCH /api/merchant/orders/149/status
[2026-07-11T14:03:48.651Z] PATCH /api/merchant/orders/149/status
[2026-07-11T14:03:48.652Z] PATCH /api/merchant/orders/149/status
[LEVEL] openid=mock_openid_e9ce... → level 1 (3 orders)
[2026-07-11T14:03:48.655Z] PATCH /api/merchant/orders/150/status
[2026-07-11T14:03:48.657Z] PATCH /api/merchant/orders/150/status
[2026-07-11T14:03:48.658Z] PATCH /api/merchant/orders/150/status
[2026-07-11T14:03:48.660Z] PATCH /api/merchant/orders/150/status
[LEVEL] openid=mock_openid_e9ce... → level 1 (4 orders)
[2026-07-11T14:03:48.662Z] PATCH /api/merchant/orders/151/status
[2026-07-11T14:03:48.664Z] PATCH /api/merchant/orders/151/status
[2026-07-11T14:03:48.666Z] PATCH /api/merchant/orders/151/status
[2026-07-11T14:03:48.668Z] PATCH /api/merchant/orders/151/status
[LEVEL] openid=mock_openid_e9ce... → level 1 (5 orders)
[2026-07-11T14:03:48.670Z] PATCH /api/merchant/orders/152/status
[2026-07-11T14:03:48.672Z] PATCH /api/merchant/orders/152/status
[2026-07-11T14:03:48.674Z] PATCH /api/merchant/orders/152/status
[2026-07-11T14:03:48.676Z] PATCH /api/merchant/orders/152/status
[LEVEL] openid=mock_openid_e9ce... → level 1 (6 orders)
[2026-07-11T14:03:48.678Z] PATCH /api/merchant/orders/153/status
[2026-07-11T14:03:48.680Z] PATCH /api/merchant/orders/153/status
[2026-07-11T14:03:48.681Z] PATCH /api/merchant/orders/153/status
[2026-07-11T14:03:48.682Z] PATCH /api/merchant/orders/153/status
[LEVEL] openid=mock_openid_e9ce... → level 1 (7 orders)
[2026-07-11T14:03:48.685Z] PATCH /api/merchant/orders/154/status
[2026-07-11T14:03:48.686Z] PATCH /api/merchant/orders/154/status
[2026-07-11T14:03:48.688Z] PATCH /api/merchant/orders/154/status
[2026-07-11T14:03:48.689Z] PATCH /api/merchant/orders/154/status
[LEVEL] openid=mock_openid_e9ce... → level 1 (8 orders)
[2026-07-11T14:03:48.692Z] PATCH /api/merchant/orders/155/status
[2026-07-11T14:03:48.693Z] PATCH /api/merchant/orders/155/status
[2026-07-11T14:03:48.695Z] PATCH /api/merchant/orders/155/status
[2026-07-11T14:03:48.696Z] PATCH /api/merchant/orders/155/status
[LEVEL] openid=mock_openid_e9ce... → level 1 (9 orders)
[2026-07-11T14:03:48.698Z] PATCH /api/merchant/orders/156/status
[2026-07-11T14:03:48.700Z] PATCH /api/merchant/orders/156/status
[2026-07-11T14:03:48.701Z] PATCH /api/merchant/orders/156/status
[2026-07-11T14:03:48.702Z] PATCH /api/merchant/orders/156/status
[LEVEL] openid=mock_openid_e9ce... → level 2 (10 orders)
[2026-07-11T14:03:48.706Z] GET /api/users/me?include=level
[2026-07-11T14:03:48.707Z] POST /api/orders
[2026-07-11T14:03:48.709Z] GET /api/merchant/users
[2026-07-11T14:03:48.712Z] GET /api/merchant/users/mock_openid_e9ce93bee5446655
[2026-07-11T14:03:48.712Z] POST /api/orders
[2026-07-11T14:03:48.715Z] GET /api/users/me?include=level
[2026-07-11T14:03:48.716Z] POST /api/orders
[2026-07-11T14:03:48.718Z] PATCH /api/merchant/orders/159/status
[2026-07-11T14:03:48.719Z] PATCH /api/merchant/orders/159/status
[2026-07-11T14:03:48.721Z] PATCH /api/merchant/orders/159/status
[2026-07-11T14:03:48.723Z] PATCH /api/merchant/orders/159/status
[LEVEL] openid=mock_openid_e9ce... → level 2 (11 orders)
[2026-07-11T14:03:48.725Z] GET /api/users/me?include=level
[2026-07-11T14:03:48.726Z] PATCH /api/merchant/settings
[2026-07-11T14:05:43.972Z] GET /api/products?availableOnly=true
[2026-07-11T14:05:43.973Z] GET /api/users/me?include=level
[2026-07-11T14:05:43.975Z] GET /api/categories
[2026-07-11T14:05:43.976Z] GET /api/users/me?include=level
